{"/Users/faceleg/Sync/faceleg/Work/66pix/services/backend/node_modules/controller-loader/lib/index.js":{"path":"/Users/faceleg/Sync/faceleg/Work/66pix/services/backend/node_modules/controller-loader/lib/index.js","s":{"1":1,"2":1,"3":1,"4":1,"5":2,"6":0,"7":1,"8":1,"9":1},"b":{"1":[0,0],"2":[1,1]},"f":{"1":1,"2":2,"3":0,"4":1,"5":1},"fnMap":{"1":{"name":"controllers","line":5,"loc":{"start":{"line":5,"column":0},"end":{"line":5,"column":71}}},"2":{"name":"(anonymous_2)","line":9,"loc":{"start":{"line":9,"column":16},"end":{"line":9,"column":31}}},"3":{"name":"(anonymous_3)","line":12,"loc":{"start":{"line":12,"column":17},"end":{"line":12,"column":33}}},"4":{"name":"(anonymous_4)","line":15,"loc":{"start":{"line":15,"column":16},"end":{"line":15,"column":27}}},"5":{"name":"(anonymous_5)","line":21,"loc":{"start":{"line":21,"column":22},"end":{"line":21,"column":81}}}},"statementMap":{"1":{"start":{"line":3,"column":0},"end":{"line":3,"column":27}},"2":{"start":{"line":5,"column":0},"end":{"line":19,"column":1}},"3":{"start":{"line":6,"column":2},"end":{"line":6,"column":41}},"4":{"start":{"line":8,"column":2},"end":{"line":18,"column":12}},"5":{"start":{"line":10,"column":6},"end":{"line":10,"column":53}},"6":{"start":{"line":13,"column":6},"end":{"line":13,"column":52}},"7":{"start":{"line":16,"column":6},"end":{"line":16,"column":47}},"8":{"start":{"line":21,"column":0},"end":{"line":23,"column":2}},"9":{"start":{"line":22,"column":2},"end":{"line":22,"column":64}}},"branchMap":{"1":{"line":13,"type":"binary-expr","locations":[{"start":{"line":13,"column":6},"end":{"line":13,"column":23}},{"start":{"line":13,"column":27},"end":{"line":13,"column":51}}]},"2":{"line":16,"type":"binary-expr","locations":[{"start":{"line":16,"column":6},"end":{"line":16,"column":23}},{"start":{"line":16,"column":27},"end":{"line":16,"column":46}}]}}}}